<?xml version="1.0" encoding="UTF-8"?>
<!-- Generated by org.testng.reporters.JUnitXMLReporter -->
<testsuite ignored="0" hostname="LAPTOP-P0T0HMV6" failures="1" tests="5" name="Test" time="17.647" errors="0" timestamp="2022-06-23T09:18:08 IST">
  <testcase classname="ss_KiteAppTestClasses.TestClass_ss" name="VerifyUserID" time="1.072">
    <failure type="java.lang.AssertionError" message="Actual and Expected UserID&amp;apos;s are not matching TC is Failed. expected [ELR222] but found [ELR321]">
      <![CDATA[java.lang.AssertionError: Actual and Expected UserID's are not matching TC is Failed. expected [ELR222] but found [ELR321]
at ss_KiteAppTestClasses.TestClass_ss.VerifyUserID(TestClass_ss.java:58)
at java.base/java.util.ArrayList.forEach(ArrayList.java:1511)
... Removed 32 stack frames]]>
    </failure>
  </testcase> <!-- VerifyUserID -->
  <testcase classname="ss_KiteAppTestClasses.TestClass_ss" name="verifyNickName" time="0.53"/>
  <testcase classname="scrollingTestClasses.ScrollAndScreenshotTestClass" name="scrollToHideButton" time="0.181"/>
  <testcase classname="scrollingTestClasses.ScrollAndScreenshotTestClass" name="scrollToIframeButton" time="0.558"/>
  <testcase classname="scrollingTestClasses.ScrollAndScreenshotTestClass" name="scrollToRadioButton" time="0.222"/>
</testsuite> <!-- Test -->
