<?xml version="1.0" encoding="UTF-8"?>
<!-- Generated by org.testng.reporters.JUnitXMLReporter -->
<testsuite ignored="8" hostname="LAPTOP-P0T0HMV6" failures="2" tests="2" name="Test(failed)" time="0.04" errors="0" timestamp="2022-06-14T10:14:19 IST">
  <testcase classname="_TestNG_GroupingFailedxml.HomeClass3" name="test14" time="0.008">
    <failure type="java.lang.AssertionError" message="null">
      <![CDATA[java.lang.AssertionError: null
at _TestNG_GroupingFailedxml.HomeClass3.test14(HomeClass3.java:26)
at java.base/java.util.ArrayList.forEach(ArrayList.java:1511)
... Removed 29 stack frames]]>
    </failure>
  </testcase> <!-- test14 -->
  <testcase classname="_TestNG_GroupingFailedxml.LogInClass1" name="test4" time="0.001">
    <failure type="java.lang.AssertionError" message="null">
      <![CDATA[java.lang.AssertionError: null
at _TestNG_GroupingFailedxml.LogInClass1.test4(LogInClass1.java:26)
at java.base/java.util.ArrayList.forEach(ArrayList.java:1511)
... Removed 29 stack frames]]>
    </failure>
  </testcase> <!-- test4 -->
  <testcase classname="_TestNG_GroupingFailedxml.LogInClass1" name="test1" time="0.0">
    <ignored/>
  </testcase> <!-- test1 -->
  <testcase classname="_TestNG_GroupingFailedxml.HomeClass3" name="test15" time="0.0">
    <ignored/>
  </testcase> <!-- test15 -->
  <testcase classname="_TestNG_GroupingFailedxml.HomeClass3" name="test12" time="0.0">
    <ignored/>
  </testcase> <!-- test12 -->
  <testcase classname="_TestNG_GroupingFailedxml.LogInClass1" name="test2" time="0.0">
    <ignored/>
  </testcase> <!-- test2 -->
  <testcase classname="_TestNG_GroupingFailedxml.HomeClass3" name="test13" time="0.0">
    <ignored/>
  </testcase> <!-- test13 -->
  <testcase classname="_TestNG_GroupingFailedxml.LogInClass1" name="test5" time="0.0">
    <ignored/>
  </testcase> <!-- test5 -->
  <testcase classname="_TestNG_GroupingFailedxml.HomeClass3" name="test11" time="0.0">
    <ignored/>
  </testcase> <!-- test11 -->
  <testcase classname="_TestNG_GroupingFailedxml.LogInClass1" name="test3" time="0.0">
    <ignored/>
  </testcase> <!-- test3 -->
</testsuite> <!-- Test(failed) -->
