<?xml version="1.0" encoding="UTF-8"?>
<testng-results ignored="0" total="2" passed="2" failed="0" skipped="0">
  <reporter-output>
    <line>
      <![CDATA[UserNames are Matching TC is Passed]]>
    </line>
    <line>
      <![CDATA[Names are matching TC is passed.]]>
    </line>
  </reporter-output>
  <suite started-at="2022-06-23T16:05:08 IST" name="Default suite" finished-at="2022-06-23T16:05:20 IST" duration-ms="11969">
    <groups>
    </groups>
    <test started-at="2022-06-23T16:05:08 IST" name="Default test" finished-at="2022-06-23T16:05:20 IST" duration-ms="11969">
      <class name="a_KiteAppTestClasses.KiteTestClass">
        <test-method is-config="true" signature="LaunchBrowser()[pri:0, instance:a_KiteAppTestClasses.KiteTestClass@59662a0b]" started-at="2022-06-23T16:05:08 IST" name="LaunchBrowser" finished-at="2022-06-23T16:05:12 IST" duration-ms="4351" status="PASS">
          <reporter-output>
          </reporter-output>
        </test-method> <!-- LaunchBrowser -->
        <test-method is-config="true" signature="LogInToKite()[pri:0, instance:a_KiteAppTestClasses.KiteTestClass@59662a0b]" started-at="2022-06-23T16:05:12 IST" name="LogInToKite" finished-at="2022-06-23T16:05:13 IST" duration-ms="1271" status="PASS">
          <reporter-output>
          </reporter-output>
        </test-method> <!-- LogInToKite -->
        <test-method signature="ValidateUserName()[pri:0, instance:a_KiteAppTestClasses.KiteTestClass@59662a0b]" started-at="2022-06-23T16:05:13 IST" name="ValidateUserName" finished-at="2022-06-23T16:05:15 IST" duration-ms="1302" status="PASS">
          <reporter-output>
            <line>
              <![CDATA[UserNames are Matching TC is Passed]]>
            </line>
          </reporter-output>
        </test-method> <!-- ValidateUserName -->
        <test-method is-config="true" signature="LogOut()[pri:0, instance:a_KiteAppTestClasses.KiteTestClass@59662a0b]" started-at="2022-06-23T16:05:15 IST" name="LogOut" finished-at="2022-06-23T16:05:16 IST" duration-ms="1639" status="PASS">
          <reporter-output>
          </reporter-output>
        </test-method> <!-- LogOut -->
        <test-method is-config="true" signature="LogInToKite()[pri:0, instance:a_KiteAppTestClasses.KiteTestClass@59662a0b]" started-at="2022-06-23T16:05:16 IST" name="LogInToKite" finished-at="2022-06-23T16:05:17 IST" duration-ms="743" status="PASS">
          <reporter-output>
          </reporter-output>
        </test-method> <!-- LogInToKite -->
        <test-method signature="validateNickname()[pri:0, instance:a_KiteAppTestClasses.KiteTestClass@59662a0b]" started-at="2022-06-23T16:05:17 IST" name="validateNickname" finished-at="2022-06-23T16:05:18 IST" duration-ms="787" status="PASS">
          <reporter-output>
            <line>
              <![CDATA[Names are matching TC is passed.]]>
            </line>
          </reporter-output>
        </test-method> <!-- validateNickname -->
        <test-method is-config="true" signature="LogOut()[pri:0, instance:a_KiteAppTestClasses.KiteTestClass@59662a0b]" started-at="2022-06-23T16:05:18 IST" name="LogOut" finished-at="2022-06-23T16:05:20 IST" duration-ms="1570" status="PASS">
          <reporter-output>
          </reporter-output>
        </test-method> <!-- LogOut -->
        <test-method is-config="true" signature="CloseBrowser()[pri:0, instance:a_KiteAppTestClasses.KiteTestClass@59662a0b]" started-at="2022-06-23T16:05:20 IST" name="CloseBrowser" finished-at="2022-06-23T16:05:20 IST" duration-ms="252" status="PASS">
          <reporter-output>
          </reporter-output>
        </test-method> <!-- CloseBrowser -->
      </class> <!-- a_KiteAppTestClasses.KiteTestClass -->
    </test> <!-- Default test -->
  </suite> <!-- Default suite -->
</testng-results>
